have_func: checking for onig_region_memsize() in ruby.h... -------------------- yes

PATH=".;C:/RailsInstaller/Ruby3.1.2/lib;C:\RailsInstaller\Ruby3.1.2\bin;C:\RailsInstaller\Ruby3.1.2\msys64\ucrt64\bin;C:\RailsInstaller\Ruby3.1.2\msys64\usr\bin;C:\Users\amart\bin;C:\Program Files\Git\mingw64\bin;C:\Program Files\Git\usr\local\bin;C:\Program Files\Git\usr\bin;C:\Program Files\Git\usr\bin;C:\Program Files\Git\mingw64\bin;C:\Program Files\Git\usr\bin;C:\Users\amart\bin;C:\Ruby33-x64\bin;C:\ProgramData\Oracle\Java\javapath;C:\Python312\Scripts;C:\Python312;C:\Program Files (x86)\VMware\VMware Workstation\bin;C:\Windows\system32;C:\Windows;C:\Windows\System32\Wbem;C:\Windows\System32\WindowsPowerShell\v1.0;C:\Windows\System32\OpenSSH;C:\Program Files (x86)\NVIDIA Corporation\PhysX\Common;C:\Program Files\NVIDIA Corporation\NVIDIA NvDLISR;C:\Program Files\Git\cmd;C:\WINDOWS\system32;C:\WINDOWS;C:\WINDOWS\System32\Wbem;C:\WINDOWS\System32\WindowsPowerShell\v1.0;C:\WINDOWS\System32\OpenSSH;C:\Program Files (x86)\PDFtk Server\bin;C:\Program Files\nodejs;C:\ProgramData\chocolatey\bin;C:\Program Files\dotnet;C:\Program Files\Microsoft SQL Server\Client SDK\ODBC\170\Tools\Binn;C:\Program Files (x86)\Microsoft SQL Server\150\Tools\Binn;C:\Program Files\Microsoft SQL Server\150\Tools\Binn;C:\Program Files\Microsoft SQL Server\150\DTS\Binn;C:\Program Files (x86)\Microsoft SQL Server\150\DTS\Binn;C:\Program Files\Azure Data Studio\bin;C;C:\Program Files\PuTTY;C:\Program Files (x86)\Yarn\bin;C:\RailsInstaller\Ruby3.1.2\bin;C:\Users\amart\AppData\Local\Microsoft\WindowsApps;C:\Users\amart\AppData\Local\GitHubDesktop\bin;C:\Users\amart\AppData\Local\Programs\Microsoft VS Code\bin;C:\Users\amart\AppData\Roaming\npm;C:\Users\amart\.dotnet\tools;C:\Program Files\Azure Data Studio\bin;C:\Users\amart\AppData\Local\Yarn\bin;C:\Program Files\Git\usr\bin\vendor_perl;C:\Program Files\Git\usr\bin\core_perl" "gcc -o conftest.exe -IC:/RailsInstaller/Ruby3.1.2/include/ruby-3.1.0/x64-mingw-ucrt -IC:/RailsInstaller/Ruby3.1.2/include/ruby-3.1.0/ruby/backward -IC:/RailsInstaller/Ruby3.1.2/include/ruby-3.1.0 -I. -D__USE_MINGW_ANSI_STDIO=1 -DFD_SETSIZE=2048 -D_WIN32_WINNT=0x0600 -D__MINGW_USE_VC2005_COMPAT -D_FILE_OFFSET_BITS=64  -O3 -fno-fast-math -fstack-protector-strong conftest.c  -L. -LC:/RailsInstaller/Ruby3.1.2/lib -L. -pipe -s -fstack-protector-strong -Wl,--no-as-needed  -m64   -lx64-ucrt-ruby310  -lshell32 -lws2_32 -liphlpapi -limagehlp -lshlwapi -lbcrypt  "
checked program was:
/* begin */
1: #include "ruby.h"
2: 
3: #include <winsock2.h>
4: #include <windows.h>
5: int main(int argc, char **argv)
6: {
7:   return !!argv[argc];
8: }
/* end */

PATH=".;C:/RailsInstaller/Ruby3.1.2/lib;C:\RailsInstaller\Ruby3.1.2\bin;C:\RailsInstaller\Ruby3.1.2\msys64\ucrt64\bin;C:\RailsInstaller\Ruby3.1.2\msys64\usr\bin;C:\Users\amart\bin;C:\Program Files\Git\mingw64\bin;C:\Program Files\Git\usr\local\bin;C:\Program Files\Git\usr\bin;C:\Program Files\Git\usr\bin;C:\Program Files\Git\mingw64\bin;C:\Program Files\Git\usr\bin;C:\Users\amart\bin;C:\Ruby33-x64\bin;C:\ProgramData\Oracle\Java\javapath;C:\Python312\Scripts;C:\Python312;C:\Program Files (x86)\VMware\VMware Workstation\bin;C:\Windows\system32;C:\Windows;C:\Windows\System32\Wbem;C:\Windows\System32\WindowsPowerShell\v1.0;C:\Windows\System32\OpenSSH;C:\Program Files (x86)\NVIDIA Corporation\PhysX\Common;C:\Program Files\NVIDIA Corporation\NVIDIA NvDLISR;C:\Program Files\Git\cmd;C:\WINDOWS\system32;C:\WINDOWS;C:\WINDOWS\System32\Wbem;C:\WINDOWS\System32\WindowsPowerShell\v1.0;C:\WINDOWS\System32\OpenSSH;C:\Program Files (x86)\PDFtk Server\bin;C:\Program Files\nodejs;C:\ProgramData\chocolatey\bin;C:\Program Files\dotnet;C:\Program Files\Microsoft SQL Server\Client SDK\ODBC\170\Tools\Binn;C:\Program Files (x86)\Microsoft SQL Server\150\Tools\Binn;C:\Program Files\Microsoft SQL Server\150\Tools\Binn;C:\Program Files\Microsoft SQL Server\150\DTS\Binn;C:\Program Files (x86)\Microsoft SQL Server\150\DTS\Binn;C:\Program Files\Azure Data Studio\bin;C;C:\Program Files\PuTTY;C:\Program Files (x86)\Yarn\bin;C:\RailsInstaller\Ruby3.1.2\bin;C:\Users\amart\AppData\Local\Microsoft\WindowsApps;C:\Users\amart\AppData\Local\GitHubDesktop\bin;C:\Users\amart\AppData\Local\Programs\Microsoft VS Code\bin;C:\Users\amart\AppData\Roaming\npm;C:\Users\amart\.dotnet\tools;C:\Program Files\Azure Data Studio\bin;C:\Users\amart\AppData\Local\Yarn\bin;C:\Program Files\Git\usr\bin\vendor_perl;C:\Program Files\Git\usr\bin\core_perl" "gcc -o conftest.exe -IC:/RailsInstaller/Ruby3.1.2/include/ruby-3.1.0/x64-mingw-ucrt -IC:/RailsInstaller/Ruby3.1.2/include/ruby-3.1.0/ruby/backward -IC:/RailsInstaller/Ruby3.1.2/include/ruby-3.1.0 -I. -D__USE_MINGW_ANSI_STDIO=1 -DFD_SETSIZE=2048 -D_WIN32_WINNT=0x0600 -D__MINGW_USE_VC2005_COMPAT -D_FILE_OFFSET_BITS=64  -O3 -fno-fast-math -fstack-protector-strong conftest.c  -L. -LC:/RailsInstaller/Ruby3.1.2/lib -L. -pipe -s -fstack-protector-strong -Wl,--no-as-needed  -m64   -lx64-ucrt-ruby310  -lshell32 -lws2_32 -liphlpapi -limagehlp -lshlwapi -lbcrypt  "
conftest.c: In function 't':
conftest.c:18:57: error: 'onig_region_memsize' undeclared (first use in this function)
   18 | int t(void) { void ((*volatile p)()); p = (void ((*)()))onig_region_memsize; return !p; }
      |                                                         ^~~~~~~~~~~~~~~~~~~
conftest.c:18:57: note: each undeclared identifier is reported only once for each function it appears in
checked program was:
/* begin */
 1: #include "ruby.h"
 2: 
 3: #include <winsock2.h>
 4: #include <windows.h>
 5: #include <ruby.h>
 6: 
 7: /*top*/
 8: extern int t(void);
 9: int main(int argc, char **argv)
10: {
11:   if (argc > 1000000) {
12:     int (* volatile tp)(void)=(int (*)(void))&t;
13:     printf("%d", (*tp)());
14:   }
15: 
16:   return !!argv[argc];
17: }
18: int t(void) { void ((*volatile p)()); p = (void ((*)()))onig_region_memsize; return !p; }
/* end */

PATH=".;C:/RailsInstaller/Ruby3.1.2/lib;C:\RailsInstaller\Ruby3.1.2\bin;C:\RailsInstaller\Ruby3.1.2\msys64\ucrt64\bin;C:\RailsInstaller\Ruby3.1.2\msys64\usr\bin;C:\Users\amart\bin;C:\Program Files\Git\mingw64\bin;C:\Program Files\Git\usr\local\bin;C:\Program Files\Git\usr\bin;C:\Program Files\Git\usr\bin;C:\Program Files\Git\mingw64\bin;C:\Program Files\Git\usr\bin;C:\Users\amart\bin;C:\Ruby33-x64\bin;C:\ProgramData\Oracle\Java\javapath;C:\Python312\Scripts;C:\Python312;C:\Program Files (x86)\VMware\VMware Workstation\bin;C:\Windows\system32;C:\Windows;C:\Windows\System32\Wbem;C:\Windows\System32\WindowsPowerShell\v1.0;C:\Windows\System32\OpenSSH;C:\Program Files (x86)\NVIDIA Corporation\PhysX\Common;C:\Program Files\NVIDIA Corporation\NVIDIA NvDLISR;C:\Program Files\Git\cmd;C:\WINDOWS\system32;C:\WINDOWS;C:\WINDOWS\System32\Wbem;C:\WINDOWS\System32\WindowsPowerShell\v1.0;C:\WINDOWS\System32\OpenSSH;C:\Program Files (x86)\PDFtk Server\bin;C:\Program Files\nodejs;C:\ProgramData\chocolatey\bin;C:\Program Files\dotnet;C:\Program Files\Microsoft SQL Server\Client SDK\ODBC\170\Tools\Binn;C:\Program Files (x86)\Microsoft SQL Server\150\Tools\Binn;C:\Program Files\Microsoft SQL Server\150\Tools\Binn;C:\Program Files\Microsoft SQL Server\150\DTS\Binn;C:\Program Files (x86)\Microsoft SQL Server\150\DTS\Binn;C:\Program Files\Azure Data Studio\bin;C;C:\Program Files\PuTTY;C:\Program Files (x86)\Yarn\bin;C:\RailsInstaller\Ruby3.1.2\bin;C:\Users\amart\AppData\Local\Microsoft\WindowsApps;C:\Users\amart\AppData\Local\GitHubDesktop\bin;C:\Users\amart\AppData\Local\Programs\Microsoft VS Code\bin;C:\Users\amart\AppData\Roaming\npm;C:\Users\amart\.dotnet\tools;C:\Program Files\Azure Data Studio\bin;C:\Users\amart\AppData\Local\Yarn\bin;C:\Program Files\Git\usr\bin\vendor_perl;C:\Program Files\Git\usr\bin\core_perl" "gcc -o conftest.exe -IC:/RailsInstaller/Ruby3.1.2/include/ruby-3.1.0/x64-mingw-ucrt -IC:/RailsInstaller/Ruby3.1.2/include/ruby-3.1.0/ruby/backward -IC:/RailsInstaller/Ruby3.1.2/include/ruby-3.1.0 -I. -D__USE_MINGW_ANSI_STDIO=1 -DFD_SETSIZE=2048 -D_WIN32_WINNT=0x0600 -D__MINGW_USE_VC2005_COMPAT -D_FILE_OFFSET_BITS=64  -O3 -fno-fast-math -fstack-protector-strong conftest.c  -L. -LC:/RailsInstaller/Ruby3.1.2/lib -L. -pipe -s -fstack-protector-strong -Wl,--no-as-needed  -m64   -lx64-ucrt-ruby310  -lshell32 -lws2_32 -liphlpapi -limagehlp -lshlwapi -lbcrypt  "
checked program was:
/* begin */
 1: #include "ruby.h"
 2: 
 3: #include <winsock2.h>
 4: #include <windows.h>
 5: #include <ruby.h>
 6: 
 7: /*top*/
 8: extern int t(void);
 9: int main(int argc, char **argv)
10: {
11:   if (argc > 1000000) {
12:     int (* volatile tp)(void)=(int (*)(void))&t;
13:     printf("%d", (*tp)());
14:   }
15: 
16:   return !!argv[argc];
17: }
18: extern void onig_region_memsize();
19: int t(void) { onig_region_memsize(); return 0; }
/* end */

--------------------

have_func: checking for rb_reg_onig_match() in ruby.h... -------------------- no

PATH=".;C:/RailsInstaller/Ruby3.1.2/lib;C:\RailsInstaller\Ruby3.1.2\bin;C:\RailsInstaller\Ruby3.1.2\msys64\ucrt64\bin;C:\RailsInstaller\Ruby3.1.2\msys64\usr\bin;C:\Users\amart\bin;C:\Program Files\Git\mingw64\bin;C:\Program Files\Git\usr\local\bin;C:\Program Files\Git\usr\bin;C:\Program Files\Git\usr\bin;C:\Program Files\Git\mingw64\bin;C:\Program Files\Git\usr\bin;C:\Users\amart\bin;C:\Ruby33-x64\bin;C:\ProgramData\Oracle\Java\javapath;C:\Python312\Scripts;C:\Python312;C:\Program Files (x86)\VMware\VMware Workstation\bin;C:\Windows\system32;C:\Windows;C:\Windows\System32\Wbem;C:\Windows\System32\WindowsPowerShell\v1.0;C:\Windows\System32\OpenSSH;C:\Program Files (x86)\NVIDIA Corporation\PhysX\Common;C:\Program Files\NVIDIA Corporation\NVIDIA NvDLISR;C:\Program Files\Git\cmd;C:\WINDOWS\system32;C:\WINDOWS;C:\WINDOWS\System32\Wbem;C:\WINDOWS\System32\WindowsPowerShell\v1.0;C:\WINDOWS\System32\OpenSSH;C:\Program Files (x86)\PDFtk Server\bin;C:\Program Files\nodejs;C:\ProgramData\chocolatey\bin;C:\Program Files\dotnet;C:\Program Files\Microsoft SQL Server\Client SDK\ODBC\170\Tools\Binn;C:\Program Files (x86)\Microsoft SQL Server\150\Tools\Binn;C:\Program Files\Microsoft SQL Server\150\Tools\Binn;C:\Program Files\Microsoft SQL Server\150\DTS\Binn;C:\Program Files (x86)\Microsoft SQL Server\150\DTS\Binn;C:\Program Files\Azure Data Studio\bin;C;C:\Program Files\PuTTY;C:\Program Files (x86)\Yarn\bin;C:\RailsInstaller\Ruby3.1.2\bin;C:\Users\amart\AppData\Local\Microsoft\WindowsApps;C:\Users\amart\AppData\Local\GitHubDesktop\bin;C:\Users\amart\AppData\Local\Programs\Microsoft VS Code\bin;C:\Users\amart\AppData\Roaming\npm;C:\Users\amart\.dotnet\tools;C:\Program Files\Azure Data Studio\bin;C:\Users\amart\AppData\Local\Yarn\bin;C:\Program Files\Git\usr\bin\vendor_perl;C:\Program Files\Git\usr\bin\core_perl" "gcc -o conftest.exe -IC:/RailsInstaller/Ruby3.1.2/include/ruby-3.1.0/x64-mingw-ucrt -IC:/RailsInstaller/Ruby3.1.2/include/ruby-3.1.0/ruby/backward -IC:/RailsInstaller/Ruby3.1.2/include/ruby-3.1.0 -I. -D__USE_MINGW_ANSI_STDIO=1 -DFD_SETSIZE=2048 -D_WIN32_WINNT=0x0600 -D__MINGW_USE_VC2005_COMPAT -D_FILE_OFFSET_BITS=64  -O3 -fno-fast-math -fstack-protector-strong conftest.c  -L. -LC:/RailsInstaller/Ruby3.1.2/lib -L. -pipe -s -fstack-protector-strong -Wl,--no-as-needed  -m64   -lx64-ucrt-ruby310  -lshell32 -lws2_32 -liphlpapi -limagehlp -lshlwapi -lbcrypt  "
conftest.c: In function 't':
conftest.c:18:57: error: 'rb_reg_onig_match' undeclared (first use in this function); did you mean 'rb_reg_nth_match'?
   18 | int t(void) { void ((*volatile p)()); p = (void ((*)()))rb_reg_onig_match; return !p; }
      |                                                         ^~~~~~~~~~~~~~~~~
      |                                                         rb_reg_nth_match
conftest.c:18:57: note: each undeclared identifier is reported only once for each function it appears in
checked program was:
/* begin */
 1: #include "ruby.h"
 2: 
 3: #include <winsock2.h>
 4: #include <windows.h>
 5: #include <ruby.h>
 6: 
 7: /*top*/
 8: extern int t(void);
 9: int main(int argc, char **argv)
10: {
11:   if (argc > 1000000) {
12:     int (* volatile tp)(void)=(int (*)(void))&t;
13:     printf("%d", (*tp)());
14:   }
15: 
16:   return !!argv[argc];
17: }
18: int t(void) { void ((*volatile p)()); p = (void ((*)()))rb_reg_onig_match; return !p; }
/* end */

PATH=".;C:/RailsInstaller/Ruby3.1.2/lib;C:\RailsInstaller\Ruby3.1.2\bin;C:\RailsInstaller\Ruby3.1.2\msys64\ucrt64\bin;C:\RailsInstaller\Ruby3.1.2\msys64\usr\bin;C:\Users\amart\bin;C:\Program Files\Git\mingw64\bin;C:\Program Files\Git\usr\local\bin;C:\Program Files\Git\usr\bin;C:\Program Files\Git\usr\bin;C:\Program Files\Git\mingw64\bin;C:\Program Files\Git\usr\bin;C:\Users\amart\bin;C:\Ruby33-x64\bin;C:\ProgramData\Oracle\Java\javapath;C:\Python312\Scripts;C:\Python312;C:\Program Files (x86)\VMware\VMware Workstation\bin;C:\Windows\system32;C:\Windows;C:\Windows\System32\Wbem;C:\Windows\System32\WindowsPowerShell\v1.0;C:\Windows\System32\OpenSSH;C:\Program Files (x86)\NVIDIA Corporation\PhysX\Common;C:\Program Files\NVIDIA Corporation\NVIDIA NvDLISR;C:\Program Files\Git\cmd;C:\WINDOWS\system32;C:\WINDOWS;C:\WINDOWS\System32\Wbem;C:\WINDOWS\System32\WindowsPowerShell\v1.0;C:\WINDOWS\System32\OpenSSH;C:\Program Files (x86)\PDFtk Server\bin;C:\Program Files\nodejs;C:\ProgramData\chocolatey\bin;C:\Program Files\dotnet;C:\Program Files\Microsoft SQL Server\Client SDK\ODBC\170\Tools\Binn;C:\Program Files (x86)\Microsoft SQL Server\150\Tools\Binn;C:\Program Files\Microsoft SQL Server\150\Tools\Binn;C:\Program Files\Microsoft SQL Server\150\DTS\Binn;C:\Program Files (x86)\Microsoft SQL Server\150\DTS\Binn;C:\Program Files\Azure Data Studio\bin;C;C:\Program Files\PuTTY;C:\Program Files (x86)\Yarn\bin;C:\RailsInstaller\Ruby3.1.2\bin;C:\Users\amart\AppData\Local\Microsoft\WindowsApps;C:\Users\amart\AppData\Local\GitHubDesktop\bin;C:\Users\amart\AppData\Local\Programs\Microsoft VS Code\bin;C:\Users\amart\AppData\Roaming\npm;C:\Users\amart\.dotnet\tools;C:\Program Files\Azure Data Studio\bin;C:\Users\amart\AppData\Local\Yarn\bin;C:\Program Files\Git\usr\bin\vendor_perl;C:\Program Files\Git\usr\bin\core_perl" "gcc -o conftest.exe -IC:/RailsInstaller/Ruby3.1.2/include/ruby-3.1.0/x64-mingw-ucrt -IC:/RailsInstaller/Ruby3.1.2/include/ruby-3.1.0/ruby/backward -IC:/RailsInstaller/Ruby3.1.2/include/ruby-3.1.0 -I. -D__USE_MINGW_ANSI_STDIO=1 -DFD_SETSIZE=2048 -D_WIN32_WINNT=0x0600 -D__MINGW_USE_VC2005_COMPAT -D_FILE_OFFSET_BITS=64  -O3 -fno-fast-math -fstack-protector-strong conftest.c  -L. -LC:/RailsInstaller/Ruby3.1.2/lib -L. -pipe -s -fstack-protector-strong -Wl,--no-as-needed  -m64   -lx64-ucrt-ruby310  -lshell32 -lws2_32 -liphlpapi -limagehlp -lshlwapi -lbcrypt  "
C:/RailsInstaller/Ruby3.1.2/msys64/ucrt64/bin/../lib/gcc/x86_64-w64-mingw32/12.2.0/../../../../x86_64-w64-mingw32/bin/ld.exe: C:\Users\amart\AppData\Local\Temp\cctVbL1Z.o:conftest.c:(.text+0x5): undefined reference to `rb_reg_onig_match'
collect2.exe: error: ld returned 1 exit status
checked program was:
/* begin */
 1: #include "ruby.h"
 2: 
 3: #include <winsock2.h>
 4: #include <windows.h>
 5: #include <ruby.h>
 6: 
 7: /*top*/
 8: extern int t(void);
 9: int main(int argc, char **argv)
10: {
11:   if (argc > 1000000) {
12:     int (* volatile tp)(void)=(int (*)(void))&t;
13:     printf("%d", (*tp)());
14:   }
15: 
16:   return !!argv[argc];
17: }
18: extern void rb_reg_onig_match();
19: int t(void) { rb_reg_onig_match(); return 0; }
/* end */

--------------------

